<?xml version="1.0" encoding="UTF-8"?>
<testsuite name="com.example.project.TestBinary" tests="7" skipped="0" failures="0" errors="0" timestamp="2025-02-22T22:41:26" hostname="codespaces-3a5832" time="0.041">
  <properties/>
  <testcase name="testBinarySearch_SingleElementArray_TargetFound()" classname="com.example.project.TestBinary" time="0.004"/>
  <testcase name="testBinarySearch_TargetNotFound()" classname="com.example.project.TestBinary" time="0.005"/>
  <testcase name="testBinarySearch_SingleElementArray_TargetNotFound()" classname="com.example.project.TestBinary" time="0.007"/>
  <testcase name="testBinarySearch_TargetAtEnd()" classname="com.example.project.TestBinary" time="0.001"/>
  <testcase name="testBinarySearch_TargetFound()" classname="com.example.project.TestBinary" time="0.001"/>
  <testcase name="testBinarySearch_EmptyArray()" classname="com.example.project.TestBinary" time="0.001"/>
  <testcase name="testBinarySearch_TargetAtStart()" classname="com.example.project.TestBinary" time="0.005"/>
  <system-out><![CDATA[]]></system-out>
  <system-err><![CDATA[]]></system-err>
</testsuite>
